[2024-12-17T02:41:26.982+0000] {local_task_job_runner.py:123} INFO - ::group::Pre task execution logs
[2024-12-17T02:41:27.178+0000] {taskinstance.py:2613} INFO - Dependencies all met for dep_context=non-requeueable deps ti=<TaskInstance: example_sla_dag.sleep_20 scheduled__2024-12-17T02:34:00+00:00 [queued]>
[2024-12-17T02:41:27.277+0000] {taskinstance.py:2613} INFO - Dependencies all met for dep_context=requeueable deps ti=<TaskInstance: example_sla_dag.sleep_20 scheduled__2024-12-17T02:34:00+00:00 [queued]>
[2024-12-17T02:41:27.283+0000] {taskinstance.py:2866} INFO - Starting attempt 1 of 1
[2024-12-17T02:41:27.445+0000] {taskinstance.py:2889} INFO - Executing <Task(_PythonDecoratedOperator): sleep_20> on 2024-12-17 02:34:00+00:00
[2024-12-17T02:41:27.549+0000] {warnings.py:112} WARNING - /home/***/.local/lib/python3.12/site-packages/***/task/task_runner/standard_task_runner.py:70: DeprecationWarning: This process (pid=1307) is multi-threaded, use of fork() may lead to deadlocks in the child.
  pid = os.fork()

[2024-12-17T02:41:27.577+0000] {standard_task_runner.py:72} INFO - Started process 1330 to run task
[2024-12-17T02:41:27.608+0000] {standard_task_runner.py:104} INFO - Running: ['***', 'tasks', 'run', 'example_sla_dag', 'sleep_20', 'scheduled__2024-12-17T02:34:00+00:00', '--job-id', '352', '--raw', '--subdir', '/home/***/.local/lib/python3.12/site-packages/***/example_dags/example_sla_dag.py', '--cfg-path', '/tmp/tmp_xfogaxq']
[2024-12-17T02:41:27.614+0000] {standard_task_runner.py:105} INFO - Job 352: Subtask sleep_20
[2024-12-17T02:41:28.546+0000] {task_command.py:467} INFO - Running <TaskInstance: example_sla_dag.sleep_20 scheduled__2024-12-17T02:34:00+00:00 [running]> on host 5f5f90d5a1f0
[2024-12-17T02:41:33.512+0000] {taskinstance.py:3132} INFO - Exporting env vars: AIRFLOW_CTX_DAG_EMAIL='email@example.com' AIRFLOW_CTX_DAG_OWNER='***' AIRFLOW_CTX_DAG_ID='example_sla_dag' AIRFLOW_CTX_TASK_ID='sleep_20' AIRFLOW_CTX_EXECUTION_DATE='2024-12-17T02:34:00+00:00' AIRFLOW_CTX_TRY_NUMBER='1' AIRFLOW_CTX_DAG_RUN_ID='scheduled__2024-12-17T02:34:00+00:00'
[2024-12-17T02:41:33.516+0000] {logging_mixin.py:190} INFO - Task instance is in running state
[2024-12-17T02:41:33.521+0000] {logging_mixin.py:190} INFO -  Previous state of the Task instance: queued
[2024-12-17T02:41:33.523+0000] {logging_mixin.py:190} INFO - Current task name:sleep_20 state:running start_date:2024-12-17 02:41:27.191040+00:00
[2024-12-17T02:41:33.525+0000] {logging_mixin.py:190} INFO - Dag name:example_sla_dag and current dag run status:running
[2024-12-17T02:41:33.526+0000] {taskinstance.py:731} INFO - ::endgroup::
[2024-12-17T02:41:53.513+0000] {python.py:240} INFO - Done. Returned value was: None
[2024-12-17T02:42:32.994+0000] {job.py:229} INFO - Heartbeat recovered after 44.05 seconds
[2024-12-17T02:42:33.431+0000] {local_task_job_runner.py:266} INFO - Task exited with return code -9. For more information, see https://***.apache.org/docs/apache-***/stable/troubleshooting.html#LocalTaskJob-killed
[2024-12-17T02:42:34.274+0000] {taskinstance.py:3895} INFO - 0 downstream tasks scheduled from follow-on schedule check
[2024-12-17T02:42:34.318+0000] {local_task_job_runner.py:245} INFO - ::endgroup::
[2024-12-17T02:42:34.819+0000] {standard_task_runner.py:217} INFO - Process not found (most likely exited), stop collecting metrics
