[2024-12-17T01:20:10.248+0000] {local_task_job_runner.py:123} INFO - ::group::Pre task execution logs
[2024-12-17T01:20:10.309+0000] {taskinstance.py:2613} INFO - Dependencies all met for dep_context=non-requeueable deps ti=<TaskInstance: example_sla_dag.sleep_20 scheduled__2024-12-17T01:18:00+00:00 [queued]>
[2024-12-17T01:20:10.344+0000] {taskinstance.py:2613} INFO - Dependencies all met for dep_context=requeueable deps ti=<TaskInstance: example_sla_dag.sleep_20 scheduled__2024-12-17T01:18:00+00:00 [queued]>
[2024-12-17T01:20:10.347+0000] {taskinstance.py:2866} INFO - Starting attempt 1 of 1
[2024-12-17T01:20:10.399+0000] {taskinstance.py:2889} INFO - Executing <Task(_PythonDecoratedOperator): sleep_20> on 2024-12-17 01:18:00+00:00
[2024-12-17T01:20:10.427+0000] {warnings.py:112} WARNING - /home/***/.local/lib/python3.12/site-packages/***/task/task_runner/standard_task_runner.py:70: DeprecationWarning: This process (pid=170) is multi-threaded, use of fork() may lead to deadlocks in the child.
  pid = os.fork()

[2024-12-17T01:20:10.432+0000] {standard_task_runner.py:72} INFO - Started process 176 to run task
[2024-12-17T01:20:10.434+0000] {standard_task_runner.py:104} INFO - Running: ['***', 'tasks', 'run', 'example_sla_dag', 'sleep_20', 'scheduled__2024-12-17T01:18:00+00:00', '--job-id', '159', '--raw', '--subdir', '/home/***/.local/lib/python3.12/site-packages/***/example_dags/example_sla_dag.py', '--cfg-path', '/tmp/tmp64v81kqk']
[2024-12-17T01:20:10.437+0000] {standard_task_runner.py:105} INFO - Job 159: Subtask sleep_20
[2024-12-17T01:20:10.650+0000] {task_command.py:467} INFO - Running <TaskInstance: example_sla_dag.sleep_20 scheduled__2024-12-17T01:18:00+00:00 [running]> on host 0061543d8b5c
[2024-12-17T01:20:11.028+0000] {taskinstance.py:3132} INFO - Exporting env vars: AIRFLOW_CTX_DAG_EMAIL='email@example.com' AIRFLOW_CTX_DAG_OWNER='***' AIRFLOW_CTX_DAG_ID='example_sla_dag' AIRFLOW_CTX_TASK_ID='sleep_20' AIRFLOW_CTX_EXECUTION_DATE='2024-12-17T01:18:00+00:00' AIRFLOW_CTX_TRY_NUMBER='1' AIRFLOW_CTX_DAG_RUN_ID='scheduled__2024-12-17T01:18:00+00:00'
[2024-12-17T01:20:11.036+0000] {logging_mixin.py:190} INFO - Task instance is in running state
[2024-12-17T01:20:11.037+0000] {logging_mixin.py:190} INFO -  Previous state of the Task instance: queued
[2024-12-17T01:20:11.039+0000] {logging_mixin.py:190} INFO - Current task name:sleep_20 state:running start_date:2024-12-17 01:20:10.310363+00:00
[2024-12-17T01:20:11.040+0000] {logging_mixin.py:190} INFO - Dag name:example_sla_dag and current dag run status:running
[2024-12-17T01:20:11.042+0000] {taskinstance.py:731} INFO - ::endgroup::
[2024-12-17T01:20:31.051+0000] {python.py:240} INFO - Done. Returned value was: None
[2024-12-17T01:20:31.157+0000] {taskinstance.py:340} INFO - ::group::Post task execution logs
[2024-12-17T01:20:31.164+0000] {taskinstance.py:352} INFO - Marking task as SUCCESS. dag_id=example_sla_dag, task_id=sleep_20, run_id=scheduled__2024-12-17T01:18:00+00:00, execution_date=20241217T011800, start_date=20241217T012010, end_date=20241217T012031
[2024-12-17T01:20:32.821+0000] {logging_mixin.py:190} INFO - Task instance in success state
[2024-12-17T01:20:32.830+0000] {logging_mixin.py:190} INFO -  Previous state of the Task instance: running
[2024-12-17T01:20:32.846+0000] {logging_mixin.py:190} INFO - Dag name:example_sla_dag queued_at:2024-12-17 01:20:02.114868+00:00
[2024-12-17T01:20:32.848+0000] {logging_mixin.py:190} INFO - Task hostname:0061543d8b5c operator:_PythonDecoratedOperator
[2024-12-17T01:20:32.963+0000] {local_task_job_runner.py:266} INFO - Task exited with return code 0
[2024-12-17T01:20:33.155+0000] {taskinstance.py:3895} INFO - 1 downstream tasks scheduled from follow-on schedule check
[2024-12-17T01:20:33.177+0000] {local_task_job_runner.py:245} INFO - ::endgroup::
