[2024-12-17T01:07:51.246+0000] {local_task_job_runner.py:123} INFO - ::group::Pre task execution logs
[2024-12-17T01:07:51.314+0000] {taskinstance.py:2613} INFO - Dependencies all met for dep_context=non-requeueable deps ti=<TaskInstance: quick_start_dag.print_hello scheduled__2024-12-16T00:00:00+00:00 [queued]>
[2024-12-17T01:07:51.378+0000] {taskinstance.py:2613} INFO - Dependencies all met for dep_context=requeueable deps ti=<TaskInstance: quick_start_dag.print_hello scheduled__2024-12-16T00:00:00+00:00 [queued]>
[2024-12-17T01:07:51.395+0000] {taskinstance.py:2866} INFO - Starting attempt 1 of 2
[2024-12-17T01:07:51.466+0000] {taskinstance.py:2889} INFO - Executing <Task(BashOperator): print_hello> on 2024-12-16 00:00:00+00:00
[2024-12-17T01:07:51.505+0000] {warnings.py:112} WARNING - /home/***/.local/lib/python3.12/site-packages/***/task/task_runner/standard_task_runner.py:70: DeprecationWarning: This process (pid=163) is multi-threaded, use of fork() may lead to deadlocks in the child.
  pid = os.fork()

[2024-12-17T01:07:51.509+0000] {standard_task_runner.py:72} INFO - Started process 184 to run task
[2024-12-17T01:07:51.512+0000] {standard_task_runner.py:104} INFO - Running: ['***', 'tasks', 'run', 'quick_start_dag', 'print_hello', 'scheduled__2024-12-16T00:00:00+00:00', '--job-id', '121', '--raw', '--subdir', 'DAGS_FOLDER/main_dag.py', '--cfg-path', '/tmp/tmpkgk0u2lx']
[2024-12-17T01:07:51.520+0000] {standard_task_runner.py:105} INFO - Job 121: Subtask print_hello
[2024-12-17T01:07:51.805+0000] {task_command.py:467} INFO - Running <TaskInstance: quick_start_dag.print_hello scheduled__2024-12-16T00:00:00+00:00 [running]> on host cc9ebe3f3098
[2024-12-17T01:07:52.191+0000] {taskinstance.py:3132} INFO - Exporting env vars: AIRFLOW_CTX_DAG_OWNER='***' AIRFLOW_CTX_DAG_ID='quick_start_dag' AIRFLOW_CTX_TASK_ID='print_hello' AIRFLOW_CTX_EXECUTION_DATE='2024-12-16T00:00:00+00:00' AIRFLOW_CTX_TRY_NUMBER='1' AIRFLOW_CTX_DAG_RUN_ID='scheduled__2024-12-16T00:00:00+00:00'
[2024-12-17T01:07:52.194+0000] {logging_mixin.py:190} INFO - Task instance is in running state
[2024-12-17T01:07:52.196+0000] {logging_mixin.py:190} INFO -  Previous state of the Task instance: queued
[2024-12-17T01:07:52.197+0000] {logging_mixin.py:190} INFO - Current task name:print_hello state:running start_date:2024-12-17 01:07:51.315496+00:00
[2024-12-17T01:07:52.199+0000] {logging_mixin.py:190} INFO - Dag name:quick_start_dag and current dag run status:running
[2024-12-17T01:07:52.200+0000] {taskinstance.py:731} INFO - ::endgroup::
[2024-12-17T01:07:52.203+0000] {subprocess.py:78} INFO - Tmp dir root location: /tmp
[2024-12-17T01:07:52.210+0000] {subprocess.py:88} INFO - Running command: ['/usr/bin/bash', '-c', 'echo "Hello World"']
[2024-12-17T01:07:52.269+0000] {subprocess.py:99} INFO - Output:
[2024-12-17T01:07:52.317+0000] {subprocess.py:106} INFO - Hello World
[2024-12-17T01:07:52.319+0000] {subprocess.py:110} INFO - Command exited with return code 0
[2024-12-17T01:07:52.411+0000] {taskinstance.py:340} INFO - ::group::Post task execution logs
[2024-12-17T01:07:52.413+0000] {taskinstance.py:352} INFO - Marking task as SUCCESS. dag_id=quick_start_dag, task_id=print_hello, run_id=scheduled__2024-12-16T00:00:00+00:00, execution_date=20241216T000000, start_date=20241217T010751, end_date=20241217T010752
[2024-12-17T01:07:52.459+0000] {logging_mixin.py:190} INFO - Task instance in success state
[2024-12-17T01:07:52.461+0000] {logging_mixin.py:190} INFO -  Previous state of the Task instance: running
[2024-12-17T01:07:52.462+0000] {logging_mixin.py:190} INFO - Dag name:quick_start_dag queued_at:2024-12-17 00:41:09.773009+00:00
[2024-12-17T01:07:52.464+0000] {logging_mixin.py:190} INFO - Task hostname:cc9ebe3f3098 operator:BashOperator
[2024-12-17T01:07:52.533+0000] {local_task_job_runner.py:266} INFO - Task exited with return code 0
[2024-12-17T01:07:52.558+0000] {local_task_job_runner.py:245} INFO - ::endgroup::
