[2024-12-17T01:07:11.533+0000] {local_task_job_runner.py:123} INFO - ::group::Pre task execution logs
[2024-12-17T01:07:11.727+0000] {taskinstance.py:2613} INFO - Dependencies all met for dep_context=non-requeueable deps ti=<TaskInstance: quick_start_dag.sleep scheduled__2024-12-16T00:00:00+00:00 [queued]>
[2024-12-17T01:07:11.863+0000] {taskinstance.py:2613} INFO - Dependencies all met for dep_context=requeueable deps ti=<TaskInstance: quick_start_dag.sleep scheduled__2024-12-16T00:00:00+00:00 [queued]>
[2024-12-17T01:07:11.869+0000] {taskinstance.py:2866} INFO - Starting attempt 1 of 2
[2024-12-17T01:07:12.020+0000] {taskinstance.py:2889} INFO - Executing <Task(BashOperator): sleep> on 2024-12-16 00:00:00+00:00
[2024-12-17T01:07:12.072+0000] {warnings.py:112} WARNING - /home/***/.local/lib/python3.12/site-packages/***/task/task_runner/standard_task_runner.py:70: DeprecationWarning: This process (pid=131) is multi-threaded, use of fork() may lead to deadlocks in the child.
  pid = os.fork()

[2024-12-17T01:07:12.088+0000] {standard_task_runner.py:72} INFO - Started process 150 to run task
[2024-12-17T01:07:12.123+0000] {standard_task_runner.py:104} INFO - Running: ['***', 'tasks', 'run', 'quick_start_dag', 'sleep', 'scheduled__2024-12-16T00:00:00+00:00', '--job-id', '114', '--raw', '--subdir', 'DAGS_FOLDER/main_dag.py', '--cfg-path', '/tmp/tmp753bpt24']
[2024-12-17T01:07:12.128+0000] {standard_task_runner.py:105} INFO - Job 114: Subtask sleep
[2024-12-17T01:07:12.651+0000] {task_command.py:467} INFO - Running <TaskInstance: quick_start_dag.sleep scheduled__2024-12-16T00:00:00+00:00 [running]> on host cc9ebe3f3098
[2024-12-17T01:07:13.557+0000] {taskinstance.py:3132} INFO - Exporting env vars: AIRFLOW_CTX_DAG_OWNER='***' AIRFLOW_CTX_DAG_ID='quick_start_dag' AIRFLOW_CTX_TASK_ID='sleep' AIRFLOW_CTX_EXECUTION_DATE='2024-12-16T00:00:00+00:00' AIRFLOW_CTX_TRY_NUMBER='1' AIRFLOW_CTX_DAG_RUN_ID='scheduled__2024-12-16T00:00:00+00:00'
[2024-12-17T01:07:13.569+0000] {logging_mixin.py:190} INFO - Task instance is in running state
[2024-12-17T01:07:13.570+0000] {logging_mixin.py:190} INFO -  Previous state of the Task instance: queued
[2024-12-17T01:07:13.583+0000] {logging_mixin.py:190} INFO - Current task name:sleep state:running start_date:2024-12-17 01:07:11.742085+00:00
[2024-12-17T01:07:13.598+0000] {logging_mixin.py:190} INFO - Dag name:quick_start_dag and current dag run status:running
[2024-12-17T01:07:13.602+0000] {taskinstance.py:731} INFO - ::endgroup::
[2024-12-17T01:07:13.606+0000] {subprocess.py:78} INFO - Tmp dir root location: /tmp
[2024-12-17T01:07:13.638+0000] {subprocess.py:88} INFO - Running command: ['/usr/bin/bash', '-c', 'sleep 5']
[2024-12-17T01:07:13.830+0000] {subprocess.py:99} INFO - Output:
[2024-12-17T01:07:18.938+0000] {subprocess.py:110} INFO - Command exited with return code 0
[2024-12-17T01:07:19.370+0000] {taskinstance.py:340} INFO - ::group::Post task execution logs
[2024-12-17T01:07:19.371+0000] {taskinstance.py:352} INFO - Marking task as SUCCESS. dag_id=quick_start_dag, task_id=sleep, run_id=scheduled__2024-12-16T00:00:00+00:00, execution_date=20241216T000000, start_date=20241217T010711, end_date=20241217T010719
[2024-12-17T01:07:19.498+0000] {logging_mixin.py:190} INFO - Task instance in success state
[2024-12-17T01:07:19.519+0000] {logging_mixin.py:190} INFO -  Previous state of the Task instance: running
[2024-12-17T01:07:19.535+0000] {logging_mixin.py:190} INFO - Dag name:quick_start_dag queued_at:2024-12-17 00:41:09.773009+00:00
[2024-12-17T01:07:19.568+0000] {logging_mixin.py:190} INFO - Task hostname:cc9ebe3f3098 operator:BashOperator
[2024-12-17T01:07:19.795+0000] {local_task_job_runner.py:266} INFO - Task exited with return code 0
[2024-12-17T01:07:20.045+0000] {taskinstance.py:3895} INFO - 1 downstream tasks scheduled from follow-on schedule check
[2024-12-17T01:07:20.100+0000] {local_task_job_runner.py:245} INFO - ::endgroup::
