[2024-12-17T01:41:24.458+0000] {local_task_job_runner.py:123} INFO - ::group::Pre task execution logs
[2024-12-17T01:41:24.549+0000] {taskinstance.py:2613} INFO - Dependencies all met for dep_context=non-requeueable deps ti=<TaskInstance: example_sla_dag.sleep_20 scheduled__2024-12-17T01:36:00+00:00 [queued]>
[2024-12-17T01:41:25.061+0000] {taskinstance.py:2613} INFO - Dependencies all met for dep_context=requeueable deps ti=<TaskInstance: example_sla_dag.sleep_20 scheduled__2024-12-17T01:36:00+00:00 [queued]>
[2024-12-17T01:41:25.066+0000] {taskinstance.py:2866} INFO - Starting attempt 1 of 1
[2024-12-17T01:41:25.186+0000] {taskinstance.py:2889} INFO - Executing <Task(_PythonDecoratedOperator): sleep_20> on 2024-12-17 01:36:00+00:00
[2024-12-17T01:41:25.224+0000] {warnings.py:112} WARNING - /home/***/.local/lib/python3.12/site-packages/***/task/task_runner/standard_task_runner.py:70: DeprecationWarning: This process (pid=81) is multi-threaded, use of fork() may lead to deadlocks in the child.
  pid = os.fork()

[2024-12-17T01:41:25.228+0000] {standard_task_runner.py:72} INFO - Started process 107 to run task
[2024-12-17T01:41:25.228+0000] {standard_task_runner.py:104} INFO - Running: ['***', 'tasks', 'run', 'example_sla_dag', 'sleep_20', 'scheduled__2024-12-17T01:36:00+00:00', '--job-id', '166', '--raw', '--subdir', '/home/***/.local/lib/python3.12/site-packages/***/example_dags/example_sla_dag.py', '--cfg-path', '/tmp/tmp0a6v7ceo']
[2024-12-17T01:41:25.233+0000] {standard_task_runner.py:105} INFO - Job 166: Subtask sleep_20
[2024-12-17T01:41:25.499+0000] {task_command.py:467} INFO - Running <TaskInstance: example_sla_dag.sleep_20 scheduled__2024-12-17T01:36:00+00:00 [running]> on host 5f5f90d5a1f0
[2024-12-17T01:41:25.830+0000] {taskinstance.py:3132} INFO - Exporting env vars: AIRFLOW_CTX_DAG_EMAIL='email@example.com' AIRFLOW_CTX_DAG_OWNER='***' AIRFLOW_CTX_DAG_ID='example_sla_dag' AIRFLOW_CTX_TASK_ID='sleep_20' AIRFLOW_CTX_EXECUTION_DATE='2024-12-17T01:36:00+00:00' AIRFLOW_CTX_TRY_NUMBER='1' AIRFLOW_CTX_DAG_RUN_ID='scheduled__2024-12-17T01:36:00+00:00'
[2024-12-17T01:41:25.833+0000] {logging_mixin.py:190} INFO - Task instance is in running state
[2024-12-17T01:41:25.835+0000] {logging_mixin.py:190} INFO -  Previous state of the Task instance: queued
[2024-12-17T01:41:25.836+0000] {logging_mixin.py:190} INFO - Current task name:sleep_20 state:running start_date:2024-12-17 01:41:24.550792+00:00
[2024-12-17T01:41:25.839+0000] {logging_mixin.py:190} INFO - Dag name:example_sla_dag and current dag run status:running
[2024-12-17T01:41:25.841+0000] {taskinstance.py:731} INFO - ::endgroup::
[2024-12-17T01:41:41.907+0000] {job.py:229} INFO - Heartbeat recovered after 11.60 seconds
[2024-12-17T01:41:45.847+0000] {python.py:240} INFO - Done. Returned value was: None
[2024-12-17T01:41:46.001+0000] {taskinstance.py:340} INFO - ::group::Post task execution logs
[2024-12-17T01:41:46.009+0000] {taskinstance.py:352} INFO - Marking task as SUCCESS. dag_id=example_sla_dag, task_id=sleep_20, run_id=scheduled__2024-12-17T01:36:00+00:00, execution_date=20241217T013600, start_date=20241217T014124, end_date=20241217T014146
[2024-12-17T01:41:46.117+0000] {logging_mixin.py:190} INFO - Task instance in success state
[2024-12-17T01:41:46.133+0000] {logging_mixin.py:190} INFO -  Previous state of the Task instance: running
[2024-12-17T01:41:46.136+0000] {logging_mixin.py:190} INFO - Dag name:example_sla_dag queued_at:2024-12-17 01:40:00.574176+00:00
[2024-12-17T01:41:46.140+0000] {logging_mixin.py:190} INFO - Task hostname:5f5f90d5a1f0 operator:_PythonDecoratedOperator
[2024-12-17T01:41:46.285+0000] {local_task_job_runner.py:266} INFO - Task exited with return code 0
[2024-12-17T01:41:46.511+0000] {taskinstance.py:3895} INFO - 1 downstream tasks scheduled from follow-on schedule check
[2024-12-17T01:41:46.519+0000] {local_task_job_runner.py:245} INFO - ::endgroup::
