[2024-12-17T02:26:11.258+0000] {local_task_job_runner.py:123} INFO - ::group::Pre task execution logs
[2024-12-17T02:26:12.057+0000] {taskinstance.py:2613} INFO - Dependencies all met for dep_context=non-requeueable deps ti=<TaskInstance: example_sla_dag.sleep_20 scheduled__2024-12-17T02:24:00+00:00 [queued]>
[2024-12-17T02:26:12.238+0000] {taskinstance.py:2613} INFO - Dependencies all met for dep_context=requeueable deps ti=<TaskInstance: example_sla_dag.sleep_20 scheduled__2024-12-17T02:24:00+00:00 [queued]>
[2024-12-17T02:26:12.253+0000] {taskinstance.py:2866} INFO - Starting attempt 1 of 1
[2024-12-17T02:26:13.317+0000] {taskinstance.py:2889} INFO - Executing <Task(_PythonDecoratedOperator): sleep_20> on 2024-12-17 02:24:00+00:00
[2024-12-17T02:26:13.437+0000] {warnings.py:112} WARNING - /home/***/.local/lib/python3.12/site-packages/***/task/task_runner/standard_task_runner.py:70: DeprecationWarning: This process (pid=1033) is multi-threaded, use of fork() may lead to deadlocks in the child.
  pid = os.fork()

[2024-12-17T02:26:13.469+0000] {standard_task_runner.py:72} INFO - Started process 1039 to run task
[2024-12-17T02:26:13.459+0000] {standard_task_runner.py:104} INFO - Running: ['***', 'tasks', 'run', 'example_sla_dag', 'sleep_20', 'scheduled__2024-12-17T02:24:00+00:00', '--job-id', '314', '--raw', '--subdir', '/home/***/.local/lib/python3.12/site-packages/***/example_dags/example_sla_dag.py', '--cfg-path', '/tmp/tmpj047xzxl']
[2024-12-17T02:26:13.513+0000] {standard_task_runner.py:105} INFO - Job 314: Subtask sleep_20
[2024-12-17T02:26:14.671+0000] {task_command.py:467} INFO - Running <TaskInstance: example_sla_dag.sleep_20 scheduled__2024-12-17T02:24:00+00:00 [running]> on host 5f5f90d5a1f0
[2024-12-17T02:26:15.882+0000] {taskinstance.py:3132} INFO - Exporting env vars: AIRFLOW_CTX_DAG_EMAIL='email@example.com' AIRFLOW_CTX_DAG_OWNER='***' AIRFLOW_CTX_DAG_ID='example_sla_dag' AIRFLOW_CTX_TASK_ID='sleep_20' AIRFLOW_CTX_EXECUTION_DATE='2024-12-17T02:24:00+00:00' AIRFLOW_CTX_TRY_NUMBER='1' AIRFLOW_CTX_DAG_RUN_ID='scheduled__2024-12-17T02:24:00+00:00'
[2024-12-17T02:26:15.943+0000] {logging_mixin.py:190} INFO - Task instance is in running state
[2024-12-17T02:26:15.958+0000] {logging_mixin.py:190} INFO -  Previous state of the Task instance: queued
[2024-12-17T02:26:15.963+0000] {logging_mixin.py:190} INFO - Current task name:sleep_20 state:running start_date:2024-12-17 02:26:12.064446+00:00
[2024-12-17T02:26:15.973+0000] {logging_mixin.py:190} INFO - Dag name:example_sla_dag and current dag run status:running
[2024-12-17T02:26:15.996+0000] {taskinstance.py:731} INFO - ::endgroup::
[2024-12-17T02:26:36.004+0000] {python.py:240} INFO - Done. Returned value was: None
[2024-12-17T02:26:36.026+0000] {taskinstance.py:340} INFO - ::group::Post task execution logs
[2024-12-17T02:26:36.028+0000] {taskinstance.py:352} INFO - Marking task as SUCCESS. dag_id=example_sla_dag, task_id=sleep_20, run_id=scheduled__2024-12-17T02:24:00+00:00, execution_date=20241217T022400, start_date=20241217T022612, end_date=20241217T022636
[2024-12-17T02:26:36.056+0000] {logging_mixin.py:190} INFO - Task instance in success state
[2024-12-17T02:26:36.057+0000] {logging_mixin.py:190} INFO -  Previous state of the Task instance: running
[2024-12-17T02:26:36.058+0000] {logging_mixin.py:190} INFO - Dag name:example_sla_dag queued_at:2024-12-17 02:26:01.458198+00:00
[2024-12-17T02:26:36.059+0000] {logging_mixin.py:190} INFO - Task hostname:5f5f90d5a1f0 operator:_PythonDecoratedOperator
[2024-12-17T02:26:36.113+0000] {local_task_job_runner.py:266} INFO - Task exited with return code 0
[2024-12-17T02:26:36.155+0000] {taskinstance.py:3895} INFO - 1 downstream tasks scheduled from follow-on schedule check
[2024-12-17T02:26:36.161+0000] {local_task_job_runner.py:245} INFO - ::endgroup::
