[2024-12-17T02:28:32.907+0000] {local_task_job_runner.py:123} INFO - ::group::Pre task execution logs
[2024-12-17T02:28:32.942+0000] {taskinstance.py:2613} INFO - Dependencies all met for dep_context=non-requeueable deps ti=<TaskInstance: example_sla_dag.sleep_30 scheduled__2024-12-17T02:26:00+00:00 [queued]>
[2024-12-17T02:28:32.957+0000] {taskinstance.py:2613} INFO - Dependencies all met for dep_context=requeueable deps ti=<TaskInstance: example_sla_dag.sleep_30 scheduled__2024-12-17T02:26:00+00:00 [queued]>
[2024-12-17T02:28:32.958+0000] {taskinstance.py:2866} INFO - Starting attempt 1 of 1
[2024-12-17T02:28:32.986+0000] {taskinstance.py:2889} INFO - Executing <Task(_PythonDecoratedOperator): sleep_30> on 2024-12-17 02:26:00+00:00
[2024-12-17T02:28:32.999+0000] {warnings.py:112} WARNING - /home/***/.local/lib/python3.12/site-packages/***/task/task_runner/standard_task_runner.py:70: DeprecationWarning: This process (pid=1106) is multi-threaded, use of fork() may lead to deadlocks in the child.
  pid = os.fork()

[2024-12-17T02:28:33.005+0000] {standard_task_runner.py:72} INFO - Started process 1108 to run task
[2024-12-17T02:28:33.006+0000] {standard_task_runner.py:104} INFO - Running: ['***', 'tasks', 'run', 'example_sla_dag', 'sleep_30', 'scheduled__2024-12-17T02:26:00+00:00', '--job-id', '325', '--raw', '--subdir', '/home/***/.local/lib/python3.12/site-packages/***/example_dags/example_sla_dag.py', '--cfg-path', '/tmp/tmp6joxvz1g']
[2024-12-17T02:28:33.009+0000] {standard_task_runner.py:105} INFO - Job 325: Subtask sleep_30
[2024-12-17T02:28:33.107+0000] {task_command.py:467} INFO - Running <TaskInstance: example_sla_dag.sleep_30 scheduled__2024-12-17T02:26:00+00:00 [running]> on host 5f5f90d5a1f0
[2024-12-17T02:28:33.398+0000] {taskinstance.py:3132} INFO - Exporting env vars: AIRFLOW_CTX_DAG_EMAIL='email@example.com' AIRFLOW_CTX_DAG_OWNER='***' AIRFLOW_CTX_DAG_ID='example_sla_dag' AIRFLOW_CTX_TASK_ID='sleep_30' AIRFLOW_CTX_EXECUTION_DATE='2024-12-17T02:26:00+00:00' AIRFLOW_CTX_TRY_NUMBER='1' AIRFLOW_CTX_DAG_RUN_ID='scheduled__2024-12-17T02:26:00+00:00'
[2024-12-17T02:28:33.402+0000] {logging_mixin.py:190} INFO - Task instance is in running state
[2024-12-17T02:28:33.403+0000] {logging_mixin.py:190} INFO -  Previous state of the Task instance: queued
[2024-12-17T02:28:33.404+0000] {logging_mixin.py:190} INFO - Current task name:sleep_30 state:running start_date:2024-12-17 02:28:32.942823+00:00
[2024-12-17T02:28:33.405+0000] {logging_mixin.py:190} INFO - Dag name:example_sla_dag and current dag run status:running
[2024-12-17T02:28:33.408+0000] {taskinstance.py:731} INFO - ::endgroup::
[2024-12-17T02:29:03.408+0000] {python.py:240} INFO - Done. Returned value was: None
[2024-12-17T02:29:03.436+0000] {taskinstance.py:340} INFO - ::group::Post task execution logs
[2024-12-17T02:29:03.437+0000] {taskinstance.py:352} INFO - Marking task as SUCCESS. dag_id=example_sla_dag, task_id=sleep_30, run_id=scheduled__2024-12-17T02:26:00+00:00, execution_date=20241217T022600, start_date=20241217T022832, end_date=20241217T022903
[2024-12-17T02:29:03.463+0000] {logging_mixin.py:190} INFO - Task instance in success state
[2024-12-17T02:29:03.464+0000] {logging_mixin.py:190} INFO -  Previous state of the Task instance: running
[2024-12-17T02:29:03.465+0000] {logging_mixin.py:190} INFO - Dag name:example_sla_dag queued_at:2024-12-17 02:28:01.308167+00:00
[2024-12-17T02:29:03.466+0000] {logging_mixin.py:190} INFO - Task hostname:5f5f90d5a1f0 operator:_PythonDecoratedOperator
[2024-12-17T02:29:03.518+0000] {local_task_job_runner.py:266} INFO - Task exited with return code 0
[2024-12-17T02:29:03.549+0000] {taskinstance.py:3895} INFO - 0 downstream tasks scheduled from follow-on schedule check
[2024-12-17T02:29:03.557+0000] {local_task_job_runner.py:245} INFO - ::endgroup::
