[2024-12-17T01:05:05.440+0000] {local_task_job_runner.py:123} INFO - ::group::Pre task execution logs
[2024-12-17T01:05:05.624+0000] {taskinstance.py:2613} INFO - Dependencies all met for dep_context=non-requeueable deps ti=<TaskInstance: quick_start_dag.print_date scheduled__2024-12-16T00:00:00+00:00 [queued]>
[2024-12-17T01:05:05.793+0000] {taskinstance.py:2613} INFO - Dependencies all met for dep_context=requeueable deps ti=<TaskInstance: quick_start_dag.print_date scheduled__2024-12-16T00:00:00+00:00 [queued]>
[2024-12-17T01:05:05.821+0000] {taskinstance.py:2866} INFO - Starting attempt 2 of 2
[2024-12-17T01:05:06.010+0000] {taskinstance.py:2889} INFO - Executing <Task(BashOperator): print_date> on 2024-12-16 00:00:00+00:00
[2024-12-17T01:05:06.117+0000] {warnings.py:112} WARNING - /home/***/.local/lib/python3.12/site-packages/***/task/task_runner/standard_task_runner.py:70: DeprecationWarning: This process (pid=87) is multi-threaded, use of fork() may lead to deadlocks in the child.
  pid = os.fork()

[2024-12-17T01:05:06.234+0000] {standard_task_runner.py:72} INFO - Started process 114 to run task
[2024-12-17T01:05:06.172+0000] {standard_task_runner.py:104} INFO - Running: ['***', 'tasks', 'run', 'quick_start_dag', 'print_date', 'scheduled__2024-12-16T00:00:00+00:00', '--job-id', '109', '--raw', '--subdir', 'DAGS_FOLDER/main_dag.py', '--cfg-path', '/tmp/tmp2l6p61mf']
[2024-12-17T01:05:06.279+0000] {standard_task_runner.py:105} INFO - Job 109: Subtask print_date
[2024-12-17T01:05:06.908+0000] {task_command.py:467} INFO - Running <TaskInstance: quick_start_dag.print_date scheduled__2024-12-16T00:00:00+00:00 [running]> on host cc9ebe3f3098
[2024-12-17T01:05:08.939+0000] {taskinstance.py:3132} INFO - Exporting env vars: AIRFLOW_CTX_DAG_OWNER='***' AIRFLOW_CTX_DAG_ID='quick_start_dag' AIRFLOW_CTX_TASK_ID='print_date' AIRFLOW_CTX_EXECUTION_DATE='2024-12-16T00:00:00+00:00' AIRFLOW_CTX_TRY_NUMBER='2' AIRFLOW_CTX_DAG_RUN_ID='scheduled__2024-12-16T00:00:00+00:00'
[2024-12-17T01:05:08.954+0000] {logging_mixin.py:190} INFO - Task instance is in running state
[2024-12-17T01:05:08.969+0000] {logging_mixin.py:190} INFO -  Previous state of the Task instance: queued
[2024-12-17T01:05:09.010+0000] {logging_mixin.py:190} INFO - Current task name:print_date state:running start_date:2024-12-17 01:05:05.628460+00:00
[2024-12-17T01:05:09.034+0000] {logging_mixin.py:190} INFO - Dag name:quick_start_dag and current dag run status:running
[2024-12-17T01:05:09.059+0000] {taskinstance.py:731} INFO - ::endgroup::
[2024-12-17T01:05:09.143+0000] {subprocess.py:78} INFO - Tmp dir root location: /tmp
[2024-12-17T01:05:09.194+0000] {subprocess.py:88} INFO - Running command: ['/usr/bin/bash', '-c', 'date']
[2024-12-17T01:05:09.433+0000] {subprocess.py:99} INFO - Output:
[2024-12-17T01:05:09.557+0000] {subprocess.py:106} INFO - Tue Dec 17 01:05:09 UTC 2024
[2024-12-17T01:05:09.572+0000] {subprocess.py:110} INFO - Command exited with return code 0
[2024-12-17T01:05:10.196+0000] {taskinstance.py:340} INFO - ::group::Post task execution logs
[2024-12-17T01:05:10.198+0000] {taskinstance.py:352} INFO - Marking task as SUCCESS. dag_id=quick_start_dag, task_id=print_date, run_id=scheduled__2024-12-16T00:00:00+00:00, execution_date=20241216T000000, start_date=20241217T010505, end_date=20241217T010510
[2024-12-17T01:05:10.348+0000] {logging_mixin.py:190} INFO - Task instance in success state
[2024-12-17T01:05:10.372+0000] {logging_mixin.py:190} INFO -  Previous state of the Task instance: running
[2024-12-17T01:05:10.391+0000] {logging_mixin.py:190} INFO - Dag name:quick_start_dag queued_at:2024-12-17 00:41:09.773009+00:00
[2024-12-17T01:05:10.399+0000] {logging_mixin.py:190} INFO - Task hostname:cc9ebe3f3098 operator:BashOperator
[2024-12-17T01:05:10.523+0000] {local_task_job_runner.py:266} INFO - Task exited with return code 0
[2024-12-17T01:05:11.104+0000] {taskinstance.py:3895} INFO - 1 downstream tasks scheduled from follow-on schedule check
[2024-12-17T01:05:11.192+0000] {local_task_job_runner.py:245} INFO - ::endgroup::
[2024-12-17T01:05:11.252+0000] {standard_task_runner.py:217} INFO - Process not found (most likely exited), stop collecting metrics
