[2024-12-17T02:26:40.314+0000] {local_task_job_runner.py:123} INFO - ::group::Pre task execution logs
[2024-12-17T02:26:40.346+0000] {taskinstance.py:2613} INFO - Dependencies all met for dep_context=non-requeueable deps ti=<TaskInstance: example_sla_dag.sleep_30 scheduled__2024-12-17T02:24:00+00:00 [queued]>
[2024-12-17T02:26:40.361+0000] {taskinstance.py:2613} INFO - Dependencies all met for dep_context=requeueable deps ti=<TaskInstance: example_sla_dag.sleep_30 scheduled__2024-12-17T02:24:00+00:00 [queued]>
[2024-12-17T02:26:40.363+0000] {taskinstance.py:2866} INFO - Starting attempt 1 of 1
[2024-12-17T02:26:40.397+0000] {taskinstance.py:2889} INFO - Executing <Task(_PythonDecoratedOperator): sleep_30> on 2024-12-17 02:24:00+00:00
[2024-12-17T02:26:40.411+0000] {warnings.py:112} WARNING - /home/***/.local/lib/python3.12/site-packages/***/task/task_runner/standard_task_runner.py:70: DeprecationWarning: This process (pid=1054) is multi-threaded, use of fork() may lead to deadlocks in the child.
  pid = os.fork()

[2024-12-17T02:26:40.415+0000] {standard_task_runner.py:72} INFO - Started process 1056 to run task
[2024-12-17T02:26:40.417+0000] {standard_task_runner.py:104} INFO - Running: ['***', 'tasks', 'run', 'example_sla_dag', 'sleep_30', 'scheduled__2024-12-17T02:24:00+00:00', '--job-id', '317', '--raw', '--subdir', '/home/***/.local/lib/python3.12/site-packages/***/example_dags/example_sla_dag.py', '--cfg-path', '/tmp/tmpwz3jro2y']
[2024-12-17T02:26:40.420+0000] {standard_task_runner.py:105} INFO - Job 317: Subtask sleep_30
[2024-12-17T02:26:40.532+0000] {task_command.py:467} INFO - Running <TaskInstance: example_sla_dag.sleep_30 scheduled__2024-12-17T02:24:00+00:00 [running]> on host 5f5f90d5a1f0
[2024-12-17T02:26:40.844+0000] {taskinstance.py:3132} INFO - Exporting env vars: AIRFLOW_CTX_DAG_EMAIL='email@example.com' AIRFLOW_CTX_DAG_OWNER='***' AIRFLOW_CTX_DAG_ID='example_sla_dag' AIRFLOW_CTX_TASK_ID='sleep_30' AIRFLOW_CTX_EXECUTION_DATE='2024-12-17T02:24:00+00:00' AIRFLOW_CTX_TRY_NUMBER='1' AIRFLOW_CTX_DAG_RUN_ID='scheduled__2024-12-17T02:24:00+00:00'
[2024-12-17T02:26:40.848+0000] {logging_mixin.py:190} INFO - Task instance is in running state
[2024-12-17T02:26:40.849+0000] {logging_mixin.py:190} INFO -  Previous state of the Task instance: queued
[2024-12-17T02:26:40.850+0000] {logging_mixin.py:190} INFO - Current task name:sleep_30 state:running start_date:2024-12-17 02:26:40.347920+00:00
[2024-12-17T02:26:40.852+0000] {logging_mixin.py:190} INFO - Dag name:example_sla_dag and current dag run status:running
[2024-12-17T02:26:40.853+0000] {taskinstance.py:731} INFO - ::endgroup::
[2024-12-17T02:27:10.873+0000] {python.py:240} INFO - Done. Returned value was: None
[2024-12-17T02:27:11.146+0000] {taskinstance.py:340} INFO - ::group::Post task execution logs
[2024-12-17T02:27:11.157+0000] {taskinstance.py:352} INFO - Marking task as SUCCESS. dag_id=example_sla_dag, task_id=sleep_30, run_id=scheduled__2024-12-17T02:24:00+00:00, execution_date=20241217T022400, start_date=20241217T022640, end_date=20241217T022711
[2024-12-17T02:27:11.390+0000] {logging_mixin.py:190} INFO - Task instance in success state
[2024-12-17T02:27:11.391+0000] {logging_mixin.py:190} INFO -  Previous state of the Task instance: running
[2024-12-17T02:27:11.394+0000] {logging_mixin.py:190} INFO - Dag name:example_sla_dag queued_at:2024-12-17 02:26:01.458198+00:00
[2024-12-17T02:27:11.409+0000] {logging_mixin.py:190} INFO - Task hostname:5f5f90d5a1f0 operator:_PythonDecoratedOperator
[2024-12-17T02:27:11.653+0000] {local_task_job_runner.py:266} INFO - Task exited with return code 0
[2024-12-17T02:27:12.116+0000] {local_task_job_runner.py:245} INFO - ::endgroup::
