[2024-12-17T02:32:47.696+0000] {local_task_job_runner.py:123} INFO - ::group::Pre task execution logs
[2024-12-17T02:32:47.816+0000] {taskinstance.py:2613} INFO - Dependencies all met for dep_context=non-requeueable deps ti=<TaskInstance: example_sla_dag.sleep_30 scheduled__2024-12-17T02:30:00+00:00 [queued]>
[2024-12-17T02:32:47.884+0000] {taskinstance.py:2613} INFO - Dependencies all met for dep_context=requeueable deps ti=<TaskInstance: example_sla_dag.sleep_30 scheduled__2024-12-17T02:30:00+00:00 [queued]>
[2024-12-17T02:32:47.886+0000] {taskinstance.py:2866} INFO - Starting attempt 1 of 1
[2024-12-17T02:32:48.016+0000] {taskinstance.py:2889} INFO - Executing <Task(_PythonDecoratedOperator): sleep_30> on 2024-12-17 02:30:00+00:00
[2024-12-17T02:32:48.071+0000] {warnings.py:112} WARNING - /home/***/.local/lib/python3.12/site-packages/***/task/task_runner/standard_task_runner.py:70: DeprecationWarning: This process (pid=1212) is multi-threaded, use of fork() may lead to deadlocks in the child.
  pid = os.fork()

[2024-12-17T02:32:48.076+0000] {standard_task_runner.py:72} INFO - Started process 1214 to run task
[2024-12-17T02:32:48.083+0000] {standard_task_runner.py:104} INFO - Running: ['***', 'tasks', 'run', 'example_sla_dag', 'sleep_30', 'scheduled__2024-12-17T02:30:00+00:00', '--job-id', '341', '--raw', '--subdir', '/home/***/.local/lib/python3.12/site-packages/***/example_dags/example_sla_dag.py', '--cfg-path', '/tmp/tmpxzbwtu4c']
[2024-12-17T02:32:48.087+0000] {standard_task_runner.py:105} INFO - Job 341: Subtask sleep_30
[2024-12-17T02:32:48.295+0000] {task_command.py:467} INFO - Running <TaskInstance: example_sla_dag.sleep_30 scheduled__2024-12-17T02:30:00+00:00 [running]> on host 5f5f90d5a1f0
[2024-12-17T02:32:48.724+0000] {taskinstance.py:3132} INFO - Exporting env vars: AIRFLOW_CTX_DAG_EMAIL='email@example.com' AIRFLOW_CTX_DAG_OWNER='***' AIRFLOW_CTX_DAG_ID='example_sla_dag' AIRFLOW_CTX_TASK_ID='sleep_30' AIRFLOW_CTX_EXECUTION_DATE='2024-12-17T02:30:00+00:00' AIRFLOW_CTX_TRY_NUMBER='1' AIRFLOW_CTX_DAG_RUN_ID='scheduled__2024-12-17T02:30:00+00:00'
[2024-12-17T02:32:48.742+0000] {logging_mixin.py:190} INFO - Task instance is in running state
[2024-12-17T02:32:48.757+0000] {logging_mixin.py:190} INFO -  Previous state of the Task instance: queued
[2024-12-17T02:32:48.760+0000] {logging_mixin.py:190} INFO - Current task name:sleep_30 state:running start_date:2024-12-17 02:32:47.818927+00:00
[2024-12-17T02:32:48.761+0000] {logging_mixin.py:190} INFO - Dag name:example_sla_dag and current dag run status:running
[2024-12-17T02:32:48.783+0000] {taskinstance.py:731} INFO - ::endgroup::
[2024-12-17T02:33:18.773+0000] {python.py:240} INFO - Done. Returned value was: None
[2024-12-17T02:33:19.100+0000] {taskinstance.py:340} INFO - ::group::Post task execution logs
[2024-12-17T02:33:19.125+0000] {taskinstance.py:352} INFO - Marking task as SUCCESS. dag_id=example_sla_dag, task_id=sleep_30, run_id=scheduled__2024-12-17T02:30:00+00:00, execution_date=20241217T023000, start_date=20241217T023247, end_date=20241217T023319
[2024-12-17T02:33:19.326+0000] {logging_mixin.py:190} INFO - Task instance in success state
[2024-12-17T02:33:19.396+0000] {logging_mixin.py:190} INFO -  Previous state of the Task instance: running
[2024-12-17T02:33:19.496+0000] {logging_mixin.py:190} INFO - Dag name:example_sla_dag queued_at:2024-12-17 02:32:00.445375+00:00
[2024-12-17T02:33:19.583+0000] {logging_mixin.py:190} INFO - Task hostname:5f5f90d5a1f0 operator:_PythonDecoratedOperator
[2024-12-17T02:33:21.718+0000] {local_task_job_runner.py:266} INFO - Task exited with return code 0
[2024-12-17T02:33:22.429+0000] {local_task_job_runner.py:245} INFO - ::endgroup::
