[2024-12-17T02:01:26.950+0000] {local_task_job_runner.py:123} INFO - ::group::Pre task execution logs
[2024-12-17T02:01:27.183+0000] {taskinstance.py:2613} INFO - Dependencies all met for dep_context=non-requeueable deps ti=<TaskInstance: example_sla_dag.sleep_20 scheduled__2024-12-17T01:56:00+00:00 [queued]>
[2024-12-17T02:01:27.242+0000] {taskinstance.py:2613} INFO - Dependencies all met for dep_context=requeueable deps ti=<TaskInstance: example_sla_dag.sleep_20 scheduled__2024-12-17T01:56:00+00:00 [queued]>
[2024-12-17T02:01:27.249+0000] {taskinstance.py:2866} INFO - Starting attempt 1 of 1
[2024-12-17T02:01:27.347+0000] {taskinstance.py:2889} INFO - Executing <Task(_PythonDecoratedOperator): sleep_20> on 2024-12-17 01:56:00+00:00
[2024-12-17T02:01:27.411+0000] {warnings.py:112} WARNING - /home/***/.local/lib/python3.12/site-packages/***/task/task_runner/standard_task_runner.py:70: DeprecationWarning: This process (pid=395) is multi-threaded, use of fork() may lead to deadlocks in the child.
  pid = os.fork()

[2024-12-17T02:01:27.435+0000] {standard_task_runner.py:104} INFO - Running: ['***', 'tasks', 'run', 'example_sla_dag', 'sleep_20', 'scheduled__2024-12-17T01:56:00+00:00', '--job-id', '217', '--raw', '--subdir', '/home/***/.local/lib/python3.12/site-packages/***/example_dags/example_sla_dag.py', '--cfg-path', '/tmp/tmpy0pi7a5e']
[2024-12-17T02:01:27.442+0000] {standard_task_runner.py:72} INFO - Started process 429 to run task
[2024-12-17T02:01:27.444+0000] {standard_task_runner.py:105} INFO - Job 217: Subtask sleep_20
[2024-12-17T02:01:27.695+0000] {task_command.py:467} INFO - Running <TaskInstance: example_sla_dag.sleep_20 scheduled__2024-12-17T01:56:00+00:00 [running]> on host 5f5f90d5a1f0
[2024-12-17T02:01:29.099+0000] {taskinstance.py:3132} INFO - Exporting env vars: AIRFLOW_CTX_DAG_EMAIL='email@example.com' AIRFLOW_CTX_DAG_OWNER='***' AIRFLOW_CTX_DAG_ID='example_sla_dag' AIRFLOW_CTX_TASK_ID='sleep_20' AIRFLOW_CTX_EXECUTION_DATE='2024-12-17T01:56:00+00:00' AIRFLOW_CTX_TRY_NUMBER='1' AIRFLOW_CTX_DAG_RUN_ID='scheduled__2024-12-17T01:56:00+00:00'
[2024-12-17T02:01:29.108+0000] {logging_mixin.py:190} INFO - Task instance is in running state
[2024-12-17T02:01:29.110+0000] {logging_mixin.py:190} INFO -  Previous state of the Task instance: queued
[2024-12-17T02:01:29.113+0000] {logging_mixin.py:190} INFO - Current task name:sleep_20 state:running start_date:2024-12-17 02:01:27.200793+00:00
[2024-12-17T02:01:29.115+0000] {logging_mixin.py:190} INFO - Dag name:example_sla_dag and current dag run status:running
[2024-12-17T02:01:29.120+0000] {taskinstance.py:731} INFO - ::endgroup::
[2024-12-17T02:01:49.108+0000] {python.py:240} INFO - Done. Returned value was: None
[2024-12-17T02:01:49.136+0000] {taskinstance.py:340} INFO - ::group::Post task execution logs
[2024-12-17T02:01:49.137+0000] {taskinstance.py:352} INFO - Marking task as SUCCESS. dag_id=example_sla_dag, task_id=sleep_20, run_id=scheduled__2024-12-17T01:56:00+00:00, execution_date=20241217T015600, start_date=20241217T020127, end_date=20241217T020149
[2024-12-17T02:01:49.162+0000] {logging_mixin.py:190} INFO - Task instance in success state
[2024-12-17T02:01:49.163+0000] {logging_mixin.py:190} INFO -  Previous state of the Task instance: running
[2024-12-17T02:01:49.166+0000] {logging_mixin.py:190} INFO - Dag name:example_sla_dag queued_at:2024-12-17 01:59:42.179277+00:00
[2024-12-17T02:01:49.167+0000] {logging_mixin.py:190} INFO - Task hostname:5f5f90d5a1f0 operator:_PythonDecoratedOperator
[2024-12-17T02:01:49.237+0000] {local_task_job_runner.py:266} INFO - Task exited with return code 0
[2024-12-17T02:01:49.296+0000] {taskinstance.py:3895} INFO - 1 downstream tasks scheduled from follow-on schedule check
[2024-12-17T02:01:49.306+0000] {local_task_job_runner.py:245} INFO - ::endgroup::
